[2025-03-08 13:47:46] ERROR: Missing Access 
DiscordAPIError[50001]: Missing Access
    at handleErrors (/var/lib/pterodactyl/volumes/bba3a6d2-14a8-4568-b1df-6cf8baeb5539/node_modules/@discordjs/rest/dist/index.js:730:13)
    at process.processTicksAndRejections (node:internal/process/task_queues:95:5)
    at async SequentialHandler.runRequest (/var/lib/pterodactyl/volumes/bba3a6d2-14a8-4568-b1df-6cf8baeb5539/node_modules/@discordjs/rest/dist/index.js:1133:23)
    at async SequentialHandler.queueRequest (/var/lib/pterodactyl/volumes/bba3a6d2-14a8-4568-b1df-6cf8baeb5539/node_modules/@discordjs/rest/dist/index.js:963:14)
    at async _REST.request (/var/lib/pterodactyl/volumes/bba3a6d2-14a8-4568-b1df-6cf8baeb5539/node_modules/@discordjs/rest/dist/index.js:1278:22)
    at async /var/lib/pterodactyl/volumes/bba3a6d2-14a8-4568-b1df-6cf8baeb5539/deploy-commands.js:31:14
[2025-03-08 14:02:33] ERROR: Missing Access 
DiscordAPIError[50001]: Missing Access
    at handleErrors (/var/lib/pterodactyl/volumes/bba3a6d2-14a8-4568-b1df-6cf8baeb5539/node_modules/@discordjs/rest/dist/index.js:730:13)
    at process.processTicksAndRejections (node:internal/process/task_queues:95:5)
    at async SequentialHandler.runRequest (/var/lib/pterodactyl/volumes/bba3a6d2-14a8-4568-b1df-6cf8baeb5539/node_modules/@discordjs/rest/dist/index.js:1133:23)
    at async SequentialHandler.queueRequest (/var/lib/pterodactyl/volumes/bba3a6d2-14a8-4568-b1df-6cf8baeb5539/node_modules/@discordjs/rest/dist/index.js:963:14)
    at async _REST.request (/var/lib/pterodactyl/volumes/bba3a6d2-14a8-4568-b1df-6cf8baeb5539/node_modules/@discordjs/rest/dist/index.js:1278:22)
    at async /var/lib/pterodactyl/volumes/bba3a6d2-14a8-4568-b1df-6cf8baeb5539/deploy-commands.js:31:14
[2025-03-08 14:17:00] ERROR: MongoDB connection error: Could not connect to any servers in your MongoDB Atlas cluster. One common reason is that you're trying to access the database from an IP that isn't whitelisted. Make sure your current IP address is on your Atlas cluster's IP whitelist: https://www.mongodb.com/docs/atlas/security-whitelist/ 
MongooseServerSelectionError: Could not connect to any servers in your MongoDB Atlas cluster. One common reason is that you're trying to access the database from an IP that isn't whitelisted. Make sure your current IP address is on your Atlas cluster's IP whitelist: https://www.mongodb.com/docs/atlas/security-whitelist/
    at _handleConnectionErrors (/var/lib/pterodactyl/volumes/bba3a6d2-14a8-4568-b1df-6cf8baeb5539/node_modules/mongoose/lib/connection.js:1165:11)
    at NativeConnection.openUri (/var/lib/pterodactyl/volumes/bba3a6d2-14a8-4568-b1df-6cf8baeb5539/node_modules/mongoose/lib/connection.js:1096:11)
    at async connectDatabase (/var/lib/pterodactyl/volumes/bba3a6d2-14a8-4568-b1df-6cf8baeb5539/utils/database.js:13:5)
    at async /var/lib/pterodactyl/volumes/bba3a6d2-14a8-4568-b1df-6cf8baeb5539/diagnostic-bot.js:294:5
